<?xml version="1.0" encoding="UTF-8"?>
<!-- Generated by org.testng.reporters.JUnitReportReporter -->
<testsuite hostname="LAPTOP-088GH95J" failures="0" tests="1" name="com.RCC.TestData.TC_AlertTest_100" time="3.099" errors="0" timestamp="2022-06-21T21:49:41 EDT" skipped="0">
  <testcase classname="com.RCC.TestData.TC_AlertTest_100" name="checkingAlert" time="3.099"/>
  <system-out/>
</testsuite> <!-- com.RCC.TestData.TC_AlertTest_100 -->
