<?xml version="1.0" encoding="UTF-8"?>
<!-- Generated by org.testng.reporters.JUnitReportReporter -->
<testsuite hostname="LAPTOP-088GH95J" failures="0" tests="1" name="projectex.logintestcase1" time="1.648" errors="0" timestamp="2022-08-01T14:54:58 EDT" skipped="0">
  <testcase classname="projectex.logintestcase1" name="myPortal" time="1.648"/>
  <system-out/>
</testsuite> <!-- projectex.logintestcase1 -->
